<?xml version="1.0" encoding="UTF-8"?>
<testng-results ignored="0" total="1" passed="1" failed="0" skipped="0">
  <reporter-output>
  </reporter-output>
  <suite started-at="2023-04-13T11:26:09 IST" name="Default suite" finished-at="2023-04-13T11:26:12 IST" duration-ms="2963">
    <groups>
    </groups>
    <test started-at="2023-04-13T11:26:09 IST" name="Default test" finished-at="2023-04-13T11:26:12 IST" duration-ms="2963">
      <class name="Pack1.GetTest1">
        <test-method signature="testMethod1()[pri:0, instance:Pack1.GetTest1@4d5b6aac]" started-at="2023-04-13T11:26:09 IST" name="testMethod1" finished-at="2023-04-13T11:26:12 IST" duration-ms="2912" status="PASS">
          <reporter-output>
          </reporter-output>
        </test-method> <!-- testMethod1 -->
      </class> <!-- Pack1.GetTest1 -->
    </test> <!-- Default test -->
  </suite> <!-- Default suite -->
</testng-results>
